#
# There is insufficient memory for the Java Runtime Environment to continue.
# Native memory allocation (malloc) failed to allocate 1249776 bytes for Chunk::new
# Possible reasons:
#   The system is out of physical RAM or swap space
#   The process is running with CompressedOops enabled, and the Java Heap may be blocking the growth of the native heap
# Possible solutions:
#   Reduce memory load on the system
#   Increase physical memory or swap space
#   Check if swap backing store is full
#   Decrease Java heap size (-Xmx/-Xms)
#   Decrease number of Java threads
#   Decrease Java thread stack sizes (-Xss)
#   Set larger code cache with -XX:ReservedCodeCacheSize=
#   JVM is running with Unscaled Compressed Oops mode in which the Java heap is
#     placed in the first 4GB address space. The Java Heap base address is the
#     maximum limit for the native heap growth. Please use -XX:HeapBaseMinAddress
#     to set the Java Heap base and to place the Java Heap above 4GB virtual address.
# This output file may be truncated or incomplete.
#
#  Out of Memory Error (t:/workspace/open/src/hotspot/share/memory/arena.cpp:198), pid=10436, tid=7196
#
# JRE version: Java(TM) SE Runtime Environment (10.0.1+10) (build 10.0.1+10)
# Java VM: Java HotSpot(TM) 64-Bit Server VM (10.0.1+10, mixed mode, tiered, compressed oops, g1 gc, windows-amd64)
# No core dump will be written. Minidumps are not enabled by default on client versions of Windows
#

---------------  S U M M A R Y ------------

Command Line: -javaagent:D:\Program Files\IDEA\IntelliJ IDEA 2019.1.3\lib\idea_rt.jar=53409:D:\Program Files\IDEA\IntelliJ IDEA 2019.1.3\bin -Dfile.encoding=UTF-8 com.joezeo.core.Controler

Host: Intel(R) Core(TM) i5-4200H CPU @ 2.80GHz, 4 cores, 7G,  Windows 10 , 64 bit Build 17134 (10.0.17134.753)
Time: Sat Jul 27 13:00:44 2019 ?D1¨²¡À¨º¡Á?¨º¡À?? elapsed time: 18 seconds (0d 0h 0m 18s)

---------------  T H R E A D  ---------------

Current thread (0x00000295cba95800):  JavaThread "C2 CompilerThread0" daemon [_thread_in_native, id=7196, stack(0x000000fc75100000,0x000000fc75200000)]


Current CompileTask:
C2:  18819 2427   !   4       sun.awt.shell.Win32ShellFolder2::equals (185 bytes)

Stack: [0x000000fc75100000,0x000000fc75200000]
Native frames: (J=compiled Java code, j=interpreted, Vv=VM code, C=native code)
V  [jvm.dll+0x5a0369]
V  [jvm.dll+0x6bcf81]
V  [jvm.dll+0x6be176]
V  [jvm.dll+0x6be803]
V  [jvm.dll+0x234998]
V  [jvm.dll+0xbb92c]
V  [jvm.dll+0xbbe2c]
V  [jvm.dll+0x34bd41]
V  [jvm.dll+0x310efa]
V  [jvm.dll+0x31048a]
V  [jvm.dll+0x1ffde1]
V  [jvm.dll+0x1ff066]
V  [jvm.dll+0x17ca6b]
V  [jvm.dll+0x20c81d]
V  [jvm.dll+0x20b5e6]
V  [jvm.dll+0x68bb6f]
V  [jvm.dll+0x59f680]
C  [msvcr120.dll+0x24f7f]
C  [msvcr120.dll+0x25126]
C  [KERNEL32.DLL+0x14034]
C  [ntdll.dll+0x73691]


---------------  P R O C E S S  ---------------

Threads class SMR info:
_java_thread_list=0x00000295cc42c1c0, length=18, elements={
0x00000295cb264000, 0x00000295cba70800, 0x00000295cba90000, 0x00000295cba91000,
0x00000295cba95800, 0x00000295cba97800, 0x00000295cbaab800, 0x00000295cbaac800,
0x00000295cbe49000, 0x00000295cbf11800, 0x00000295cbf12000, 0x00000295cbf37000,
0x00000295cbf38000, 0x00000295cbf3b800, 0x00000295cda36800, 0x00000295a9e4b000,
0x00000295cdb97800, 0x00000295cbe5f000
}

Java Threads: ( => current thread )
  0x00000295cb264000 JavaThread "Reference Handler" daemon [_thread_blocked, id=14644, stack(0x000000fc74d00000,0x000000fc74e00000)]
  0x00000295cba70800 JavaThread "Finalizer" daemon [_thread_blocked, id=17396, stack(0x000000fc74e00000,0x000000fc74f00000)]
  0x00000295cba90000 JavaThread "Signal Dispatcher" daemon [_thread_blocked, id=18708, stack(0x000000fc74f00000,0x000000fc75000000)]
  0x00000295cba91000 JavaThread "Attach Listener" daemon [_thread_blocked, id=8824, stack(0x000000fc75000000,0x000000fc75100000)]
=>0x00000295cba95800 JavaThread "C2 CompilerThread0" daemon [_thread_in_native, id=7196, stack(0x000000fc75100000,0x000000fc75200000)]
  0x00000295cba97800 JavaThread "C2 CompilerThread1" daemon [_thread_blocked, id=14424, stack(0x000000fc75200000,0x000000fc75300000)]
  0x00000295cbaab800 JavaThread "C1 CompilerThread2" daemon [_thread_blocked, id=19400, stack(0x000000fc75300000,0x000000fc75400000)]
  0x00000295cbaac800 JavaThread "Sweeper thread" daemon [_thread_blocked, id=13536, stack(0x000000fc75400000,0x000000fc75500000)]
  0x00000295cbe49000 JavaThread "Common-Cleaner" daemon [_thread_blocked, id=9684, stack(0x000000fc75500000,0x000000fc75600000)]
  0x00000295cbf11800 JavaThread "Monitor Ctrl-Break" daemon [_thread_in_native, id=11200, stack(0x000000fc75600000,0x000000fc75700000)]
  0x00000295cbf12000 JavaThread "Service Thread" daemon [_thread_blocked, id=12564, stack(0x000000fc75700000,0x000000fc75800000)]
  0x00000295cbf37000 JavaThread "Java2D Disposer" daemon [_thread_blocked, id=5300, stack(0x000000fc75900000,0x000000fc75a00000)]
  0x00000295cbf38000 JavaThread "AWT-Shutdown" [_thread_blocked, id=9240, stack(0x000000fc75a00000,0x000000fc75b00000)]
  0x00000295cbf3b800 JavaThread "AWT-Windows" daemon [_thread_in_native, id=14632, stack(0x000000fc75b00000,0x000000fc75c00000)]
  0x00000295cda36800 JavaThread "AWT-EventQueue-0" [_thread_blocked, id=15740, stack(0x000000fc75c00000,0x000000fc75d00000)]
  0x00000295a9e4b000 JavaThread "DestroyJavaVM" [_thread_blocked, id=14180, stack(0x000000fc74000000,0x000000fc74100000)]
  0x00000295cdb97800 JavaThread "Swing-Shell" daemon [_thread_blocked, id=8940, stack(0x000000fc75e00000,0x000000fc75f00000)]
  0x00000295cbe5f000 JavaThread "TimerQueue" daemon [_thread_blocked, id=12308, stack(0x000000fc76400000,0x000000fc76500000)]

Other Threads:
  0x00000295cb262800 VMThread "VM Thread" [stack: 0x000000fc74c00000,0x000000fc74d00000] [id=17768]
  0x00000295cbec9800 WatcherThread [stack: 0x000000fc75800000,0x000000fc75900000] [id=16100]
  0x00000295a9e65800 GCTaskThread "GC Thread#0" [stack: 0x000000fc74100000,0x000000fc74200000] [id=17468]
  0x00000295a9e68000 GCTaskThread "GC Thread#1" [stack: 0x000000fc74200000,0x000000fc74300000] [id=2704]
  0x00000295a9e6a800 GCTaskThread "GC Thread#2" [stack: 0x000000fc74300000,0x000000fc74400000] [id=13032]
  0x00000295a9e6d000 GCTaskThread "GC Thread#3" [stack: 0x000000fc74400000,0x000000fc74500000] [id=7932]
  0x00000295a9ee7800 ConcurrentGCThread "G1 Main Marker" [stack: 0x000000fc74500000,0x000000fc74600000] [id=9612]
  0x00000295a9eeb000 ConcurrentGCThread "G1 Conc#0" [stack: 0x000000fc74600000,0x000000fc74700000] [id=1736]
  0x00000295cb0ba800 ConcurrentGCThread "G1 Refine#0" [stack: 0x000000fc74700000,0x000000fc74800000] [id=7396]
  0x00000295cb0bb000 ConcurrentGCThread "G1 Refine#1" [stack: 0x000000fc74800000,0x000000fc74900000] [id=15996]
  0x00000295cb0bb800 ConcurrentGCThread "G1 Refine#2" [stack: 0x000000fc74900000,0x000000fc74a00000] [id=13340]
  0x00000295cb0bd800 ConcurrentGCThread "G1 Refine#3" [stack: 0x000000fc74a00000,0x000000fc74b00000] [id=4864]
  0x00000295cb0c8000 ConcurrentGCThread "G1 Young RemSet Sampling" [stack: 0x000000fc74b00000,0x000000fc74c00000] [id=2404]

Threads with active compile tasks:
C2 CompilerThread02427   !   4       sun.awt.shell.Win32ShellFolder2::equals (185 bytes)

VM state:not at safepoint (normal execution)

VM Mutex/Monitor currently owned by a thread: None

Heap address: 0x0000000081400000, size: 2028 MB, Compressed Oops mode: 32-bit
Narrow klass base: 0x0000000000000000, Narrow klass shift: 3
Compressed class space size: 1073741824 Address: 0x0000000100000000

Heap:
 garbage-first heap   total 131072K, used 11446K [0x0000000081400000, 0x0000000100000000)
  region size 1024K, 6 young (6144K), 2 survivors (2048K)
 Metaspace       used 21197K, capacity 21655K, committed 21884K, reserved 1069056K
  class space    used 2245K, capacity 2454K, committed 2560K, reserved 1048576K
Heap Regions: E=young(eden), S=young(survivor), O=old, HS=humongous(starts), HC=humongous(continues), CS=collection set, F=free, A=archive, TS=gc time stamp, AC=allocation context, TAMS=top-at-mark-start (previous, next)
|   0|0x0000000081400000, 0x0000000081500000, 0x0000000081500000|100%| O|  |TS  0|AC  0|TAMS 0x0000000081500000, 0x0000000081500000|
|   1|0x0000000081500000, 0x00000000815a0a00, 0x0000000081600000| 62%| O|  |TS  0|AC  0|TAMS 0x00000000815a0a00, 0x00000000815a0a00|
|   2|0x0000000081600000, 0x0000000081700000, 0x0000000081700000|100%| O|  |TS  0|AC  0|TAMS 0x0000000081700000, 0x0000000081700000|
|   3|0x0000000081700000, 0x0000000081800000, 0x0000000081800000|100%| O|  |TS  0|AC  0|TAMS 0x0000000081800000, 0x0000000081800000|
|   4|0x0000000081800000, 0x0000000081900000, 0x0000000081900000|100%| O|  |TS  0|AC  0|TAMS 0x0000000081900000, 0x0000000081900000|
|   5|0x0000000081900000, 0x0000000081a00000, 0x0000000081a00000|100%|HS|  |TS  0|AC  0|TAMS 0x0000000081a00000, 0x0000000081a00000|
|   6|0x0000000081a00000, 0x0000000081b00000, 0x0000000081b00000|100%|HS|  |TS  0|AC  0|TAMS 0x0000000081a00000, 0x0000000081a00000|
|   7|0x0000000081b00000, 0x0000000081b00000, 0x0000000081c00000|  0%| F|  |TS  0|AC  0|TAMS 0x0000000081b00000, 0x0000000081b00000|
|   8|0x0000000081c00000, 0x0000000081c00000, 0x0000000081d00000|  0%| F|  |TS  0|AC  0|TAMS 0x0000000081c00000, 0x0000000081c00000|
|   9|0x0000000081d00000, 0x0000000081d00000, 0x0000000081e00000|  0%| F|  |TS  0|AC  0|TAMS 0x0000000081d00000, 0x0000000081d00000|
|  10|0x0000000081e00000, 0x0000000081e00000, 0x0000000081f00000|  0%| F|  |TS  0|AC  0|TAMS 0x0000000081e00000, 0x0000000081e00000|
|  11|0x0000000081f00000, 0x0000000081f00000, 0x0000000082000000|  0%| F|  |TS  0|AC  0|TAMS 0x0000000081f00000, 0x0000000081f00000|
|  12|0x0000000082000000, 0x0000000082000000, 0x0000000082100000|  0%| F|  |TS  0|AC  0|TAMS 0x0000000082000000, 0x0000000082000000|
|  13|0x0000000082100000, 0x0000000082100000, 0x0000000082200000|  0%| F|  |TS  0|AC  0|TAMS 0x0000000082100000, 0x0000000082100000|
|  14|0x0000000082200000, 0x0000000082200000, 0x0000000082300000|  0%| F|  |TS  0|AC  0|TAMS 0x0000000082200000, 0x0000000082200000|
|  15|0x0000000082300000, 0x0000000082300000, 0x0000000082400000|  0%| F|  |TS  0|AC  0|TAMS 0x0000000082300000, 0x0000000082300000|
|  16|0x0000000082400000, 0x0000000082400000, 0x0000000082500000|  0%| F|  |TS  0|AC  0|TAMS 0x0000000082400000, 0x0000000082400000|
|  17|0x0000000082500000, 0x0000000082500000, 0x0000000082600000|  0%| F|  |TS  0|AC  0|TAMS 0x0000000082500000, 0x0000000082500000|
|  18|0x0000000082600000, 0x0000000082600000, 0x0000000082700000|  0%| F|  |TS  0|AC  0|TAMS 0x0000000082600000, 0x0000000082600000|
|  19|0x0000000082700000, 0x0000000082700000, 0x0000000082800000|  0%| F|  |TS  0|AC  0|TAMS 0x0000000082700000, 0x0000000082700000|
|  20|0x0000000082800000, 0x0000000082800000, 0x0000000082900000|  0%| F|  |TS  0|AC  0|TAMS 0x0000000082800000, 0x0000000082800000|
|  21|0x0000000082900000, 0x0000000082900000, 0x0000000082a00000|  0%| F|  |TS  0|AC  0|TAMS 0x0000000082900000, 0x0000000082900000|
|  22|0x0000000082a00000, 0x0000000082a00000, 0x0000000082b00000|  0%| F|  |TS  0|AC  0|TAMS 0x0000000082a00000, 0x0000000082a00000|
|  23|0x0000000082b00000, 0x0000000082b00000, 0x0000000082c00000|  0%| F|  |TS  0|AC  0|TAMS 0x0000000082b00000, 0x0000000082b00000|
|  24|0x0000000082c00000, 0x0000000082c00000, 0x0000000082d00000|  0%| F|  |TS  0|AC  0|TAMS 0x0000000082c00000, 0x0000000082c00000|
|  25|0x0000000082d00000, 0x0000000082d00000, 0x0000000082e00000|  0%| F|  |TS  0|AC  0|TAMS 0x0000000082d00000, 0x0000000082d00000|
|  26|0x0000000082e00000, 0x0000000082e00000, 0x0000000082f00000|  0%| F|  |TS  0|AC  0|TAMS 0x0000000082e00000, 0x0000000082e00000|
|  27|0x0000000082f00000, 0x0000000082f00000, 0x0000000083000000|  0%| F|  |TS  0|AC  0|TAMS 0x0000000082f00000, 0x0000000082f00000|
|  28|0x0000000083000000, 0x0000000083000000, 0x0000000083100000|  0%| F|  |TS  0|AC  0|TAMS 0x0000000083000000, 0x0000000083000000|
|  29|0x0000000083100000, 0x0000000083100000, 0x0000000083200000|  0%| F|  |TS  0|AC  0|TAMS 0x0000000083100000, 0x0000000083100000|
|  30|0x0000000083200000, 0x0000000083200000, 0x0000000083300000|  0%| F|  |TS  0|AC  0|TAMS 0x0000000083200000, 0x0000000083200000|
|  31|0x0000000083300000, 0x0000000083300000, 0x0000000083400000|  0%| F|  |TS  0|AC  0|TAMS 0x0000000083300000, 0x0000000083300000|
|  32|0x0000000083400000, 0x0000000083400000, 0x0000000083500000|  0%| F|  |TS  0|AC  0|TAMS 0x0000000083400000, 0x0000000083400000|
|  33|0x0000000083500000, 0x0000000083500000, 0x0000000083600000|  0%| F|  |TS  0|AC  0|TAMS 0x0000000083500000, 0x0000000083500000|
|  34|0x0000000083600000, 0x0000000083600000, 0x0000000083700000|  0%| F|  |TS  0|AC  0|TAMS 0x0000000083600000, 0x0000000083600000|
|  35|0x0000000083700000, 0x0000000083700000, 0x0000000083800000|  0%| F|  |TS  0|AC  0|TAMS 0x0000000083700000, 0x0000000083700000|
|  36|0x0000000083800000, 0x0000000083800000, 0x0000000083900000|  0%| F|  |TS  0|AC  0|TAMS 0x0000000083800000, 0x0000000083800000|
|  37|0x0000000083900000, 0x0000000083900000, 0x0000000083a00000|  0%| F|  |TS  0|AC  0|TAMS 0x0000000083900000, 0x0000000083900000|
|  38|0x0000000083a00000, 0x0000000083a00000, 0x0000000083b00000|  0%| F|  |TS  0|AC  0|TAMS 0x0000000083a00000, 0x0000000083a00000|
|  39|0x0000000083b00000, 0x0000000083b00000, 0x0000000083c00000|  0%| F|  |TS  0|AC  0|TAMS 0x0000000083b00000, 0x0000000083b00000|
|  40|0x0000000083c00000, 0x0000000083c00000, 0x0000000083d00000|  0%| F|  |TS  0|AC  0|TAMS 0x0000000083c00000, 0x0000000083c00000|
|  41|0x0000000083d00000, 0x0000000083d00000, 0x0000000083e00000|  0%| F|  |TS  0|AC  0|TAMS 0x0000000083d00000, 0x0000000083d00000|
|  42|0x0000000083e00000, 0x0000000083e00000, 0x0000000083f00000|  0%| F|  |TS  0|AC  0|TAMS 0x0000000083e00000, 0x0000000083e00000|
|  43|0x0000000083f00000, 0x0000000083f00000, 0x0000000084000000|  0%| F|  |TS  0|AC  0|TAMS 0x0000000083f00000, 0x0000000083f00000|
|  44|0x0000000084000000, 0x0000000084000000, 0x0000000084100000|  0%| F|  |TS  0|AC  0|TAMS 0x0000000084000000, 0x0000000084000000|
|  45|0x0000000084100000, 0x0000000084100000, 0x0000000084200000|  0%| F|  |TS  0|AC  0|TAMS 0x0000000084100000, 0x0000000084100000|
|  46|0x0000000084200000, 0x0000000084200000, 0x0000000084300000|  0%| F|  |TS  0|AC  0|TAMS 0x0000000084200000, 0x0000000084200000|
|  47|0x0000000084300000, 0x0000000084300000, 0x0000000084400000|  0%| F|  |TS  0|AC  0|TAMS 0x0000000084300000, 0x0000000084300000|
|  48|0x0000000084400000, 0x0000000084400000, 0x0000000084500000|  0%| F|  |TS  0|AC  0|TAMS 0x0000000084400000, 0x0000000084400000|
|  49|0x0000000084500000, 0x0000000084500000, 0x0000000084600000|  0%| F|  |TS  0|AC  0|TAMS 0x0000000084500000, 0x0000000084500000|
|  50|0x0000000084600000, 0x0000000084600000, 0x0000000084700000|  0%| F|  |TS  0|AC  0|TAMS 0x0000000084600000, 0x0000000084600000|
|  51|0x0000000084700000, 0x0000000084700000, 0x0000000084800000|  0%| F|  |TS  0|AC  0|TAMS 0x0000000084700000, 0x0000000084700000|
|  52|0x0000000084800000, 0x0000000084800000, 0x0000000084900000|  0%| F|  |TS  0|AC  0|TAMS 0x0000000084800000, 0x0000000084800000|
|  53|0x0000000084900000, 0x0000000084900000, 0x0000000084a00000|  0%| F|  |TS  0|AC  0|TAMS 0x0000000084900000, 0x0000000084900000|
|  54|0x0000000084a00000, 0x0000000084a00000, 0x0000000084b00000|  0%| F|  |TS  0|AC  0|TAMS 0x0000000084a00000, 0x0000000084a00000|
|  55|0x0000000084b00000, 0x0000000084b00000, 0x0000000084c00000|  0%| F|  |TS  0|AC  0|TAMS 0x0000000084b00000, 0x0000000084b00000|
|  56|0x0000000084c00000, 0x0000000084c00000, 0x0000000084d00000|  0%| F|  |TS  0|AC  0|TAMS 0x0000000084c00000, 0x0000000084c00000|
|  57|0x0000000084d00000, 0x0000000084d00000, 0x0000000084e00000|  0%| F|  |TS  0|AC  0|TAMS 0x0000000084d00000, 0x0000000084d00000|
|  58|0x0000000084e00000, 0x0000000084e00000, 0x0000000084f00000|  0%| F|  |TS  0|AC  0|TAMS 0x0000000084e00000, 0x0000000084e00000|
|  59|0x0000000084f00000, 0x0000000084f00000, 0x0000000085000000|  0%| F|  |TS  0|AC  0|TAMS 0x0000000084f00000, 0x0000000084f00000|
|  60|0x0000000085000000, 0x0000000085000000, 0x0000000085100000|  0%| F|  |TS  0|AC  0|TAMS 0x0000000085000000, 0x0000000085000000|
|  61|0x0000000085100000, 0x0000000085100000, 0x0000000085200000|  0%| F|  |TS  0|AC  0|TAMS 0x0000000085100000, 0x0000000085100000|
|  62|0x0000000085200000, 0x0000000085200000, 0x0000000085300000|  0%| F|  |TS  0|AC  0|TAMS 0x0000000085200000, 0x0000000085200000|
|  63|0x0000000085300000, 0x0000000085300000, 0x0000000085400000|  0%| F|  |TS  0|AC  0|TAMS 0x0000000085300000, 0x0000000085300000|
|  64|0x0000000085400000, 0x0000000085400000, 0x0000000085500000|  0%| F|  |TS  0|AC  0|TAMS 0x0000000085400000, 0x0000000085400000|
|  65|0x0000000085500000, 0x0000000085500000, 0x0000000085600000|  0%| F|  |TS  0|AC  0|TAMS 0x0000000085500000, 0x0000000085500000|
|  66|0x0000000085600000, 0x0000000085600000, 0x0000000085700000|  0%| F|  |TS  0|AC  0|TAMS 0x0000000085600000, 0x0000000085600000|
|  67|0x0000000085700000, 0x0000000085700000, 0x0000000085800000|  0%| F|  |TS  0|AC  0|TAMS 0x0000000085700000, 0x0000000085700000|
|  68|0x0000000085800000, 0x0000000085800000, 0x0000000085900000|  0%| F|  |TS  0|AC  0|TAMS 0x0000000085800000, 0x0000000085800000|
|  69|0x0000000085900000, 0x0000000085900000, 0x0000000085a00000|  0%| F|  |TS  0|AC  0|TAMS 0x0000000085900000, 0x0000000085900000|
|  70|0x0000000085a00000, 0x0000000085a00000, 0x0000000085b00000|  0%| F|  |TS  0|AC  0|TAMS 0x0000000085a00000, 0x0000000085a00000|
|  71|0x0000000085b00000, 0x0000000085b00000, 0x0000000085c00000|  0%| F|  |TS  0|AC  0|TAMS 0x0000000085b00000, 0x0000000085b00000|
|  72|0x0000000085c00000, 0x0000000085c00000, 0x0000000085d00000|  0%| F|  |TS  0|AC  0|TAMS 0x0000000085c00000, 0x0000000085c00000|
|  73|0x0000000085d00000, 0x0000000085d00000, 0x0000000085e00000|  0%| F|  |TS  0|AC  0|TAMS 0x0000000085d00000, 0x0000000085d00000|
|  74|0x0000000085e00000, 0x0000000085e00000, 0x0000000085f00000|  0%| F|  |TS  0|AC  0|TAMS 0x0000000085e00000, 0x0000000085e00000|
|  75|0x0000000085f00000, 0x0000000085f00000, 0x0000000086000000|  0%| F|  |TS  0|AC  0|TAMS 0x0000000085f00000, 0x0000000085f00000|
|  76|0x0000000086000000, 0x0000000086000000, 0x0000000086100000|  0%| F|  |TS  0|AC  0|TAMS 0x0000000086000000, 0x0000000086000000|
|  77|0x0000000086100000, 0x0000000086100000, 0x0000000086200000|  0%| F|  |TS  0|AC  0|TAMS 0x0000000086100000, 0x0000000086100000|
|  78|0x0000000086200000, 0x0000000086200000, 0x0000000086300000|  0%| F|  |TS  0|AC  0|TAMS 0x0000000086200000, 0x0000000086200000|
|  79|0x0000000086300000, 0x0000000086300000, 0x0000000086400000|  0%| F|  |TS  0|AC  0|TAMS 0x0000000086300000, 0x0000000086300000|
|  80|0x0000000086400000, 0x0000000086400000, 0x0000000086500000|  0%| F|  |TS  0|AC  0|TAMS 0x0000000086400000, 0x0000000086400000|
|  81|0x0000000086500000, 0x0000000086500000, 0x0000000086600000|  0%| F|  |TS  0|AC  0|TAMS 0x0000000086500000, 0x0000000086500000|
|  82|0x0000000086600000, 0x0000000086600000, 0x0000000086700000|  0%| F|  |TS  0|AC  0|TAMS 0x0000000086600000, 0x0000000086600000|
|  83|0x0000000086700000, 0x0000000086700000, 0x0000000086800000|  0%| F|  |TS  0|AC  0|TAMS 0x0000000086700000, 0x0000000086700000|
|  84|0x0000000086800000, 0x0000000086800000, 0x0000000086900000|  0%| F|  |TS  0|AC  0|TAMS 0x0000000086800000, 0x0000000086800000|
|  85|0x0000000086900000, 0x0000000086900000, 0x0000000086a00000|  0%| F|  |TS  0|AC  0|TAMS 0x0000000086900000, 0x0000000086900000|
|  86|0x0000000086a00000, 0x0000000086a00000, 0x0000000086b00000|  0%| F|  |TS  0|AC  0|TAMS 0x0000000086a00000, 0x0000000086a00000|
|  87|0x0000000086b00000, 0x0000000086b00000, 0x0000000086c00000|  0%| F|  |TS  0|AC  0|TAMS 0x0000000086b00000, 0x0000000086b00000|
|  88|0x0000000086c00000, 0x0000000086c00000, 0x0000000086d00000|  0%| F|  |TS  0|AC  0|TAMS 0x0000000086c00000, 0x0000000086c00000|
|  89|0x0000000086d00000, 0x0000000086d00000, 0x0000000086e00000|  0%| F|  |TS  0|AC  0|TAMS 0x0000000086d00000, 0x0000000086d00000|
|  90|0x0000000086e00000, 0x0000000086e00000, 0x0000000086f00000|  0%| F|  |TS  0|AC  0|TAMS 0x0000000086e00000, 0x0000000086e00000|
|  91|0x0000000086f00000, 0x0000000086f00000, 0x0000000087000000|  0%| F|  |TS  0|AC  0|TAMS 0x0000000086f00000, 0x0000000086f00000|
|  92|0x0000000087000000, 0x0000000087000000, 0x0000000087100000|  0%| F|  |TS  0|AC  0|TAMS 0x0000000087000000, 0x0000000087000000|
|  93|0x0000000087100000, 0x0000000087100000, 0x0000000087200000|  0%| F|  |TS  0|AC  0|TAMS 0x0000000087100000, 0x0000000087100000|
|  94|0x0000000087200000, 0x0000000087200000, 0x0000000087300000|  0%| F|  |TS  0|AC  0|TAMS 0x0000000087200000, 0x0000000087200000|
|  95|0x0000000087300000, 0x0000000087300000, 0x0000000087400000|  0%| F|  |TS  0|AC  0|TAMS 0x0000000087300000, 0x0000000087300000|
|  96|0x0000000087400000, 0x0000000087400000, 0x0000000087500000|  0%| F|  |TS  0|AC  0|TAMS 0x0000000087400000, 0x0000000087400000|
|  97|0x0000000087500000, 0x0000000087500000, 0x0000000087600000|  0%| F|  |TS  0|AC  0|TAMS 0x0000000087500000, 0x0000000087500000|
|  98|0x0000000087600000, 0x0000000087600000, 0x0000000087700000|  0%| F|  |TS  0|AC  0|TAMS 0x0000000087600000, 0x0000000087600000|
|  99|0x0000000087700000, 0x0000000087700000, 0x0000000087800000|  0%| F|  |TS  0|AC  0|TAMS 0x0000000087700000, 0x0000000087700000|
| 100|0x0000000087800000, 0x0000000087800000, 0x0000000087900000|  0%| F|  |TS  0|AC  0|TAMS 0x0000000087800000, 0x0000000087800000|
| 101|0x0000000087900000, 0x0000000087900000, 0x0000000087a00000|  0%| F|  |TS  0|AC  0|TAMS 0x0000000087900000, 0x0000000087900000|
| 102|0x0000000087a00000, 0x0000000087a00000, 0x0000000087b00000|  0%| F|  |TS  0|AC  0|TAMS 0x0000000087a00000, 0x0000000087a00000|
| 103|0x0000000087b00000, 0x0000000087b00000, 0x0000000087c00000|  0%| F|  |TS  0|AC  0|TAMS 0x0000000087b00000, 0x0000000087b00000|
| 104|0x0000000087c00000, 0x0000000087c00000, 0x0000000087d00000|  0%| F|  |TS  0|AC  0|TAMS 0x0000000087c00000, 0x0000000087c00000|
| 105|0x0000000087d00000, 0x0000000087d00000, 0x0000000087e00000|  0%| F|  |TS  0|AC  0|TAMS 0x0000000087d00000, 0x0000000087d00000|
| 106|0x0000000087e00000, 0x0000000087e00000, 0x0000000087f00000|  0%| F|  |TS  0|AC  0|TAMS 0x0000000087e00000, 0x0000000087e00000|
| 107|0x0000000087f00000, 0x0000000087f00000, 0x0000000088000000|  0%| F|  |TS  0|AC  0|TAMS 0x0000000087f00000, 0x0000000087f00000|
| 108|0x0000000088000000, 0x0000000088000000, 0x0000000088100000|  0%| F|  |TS  0|AC  0|TAMS 0x0000000088000000, 0x0000000088000000|
| 109|0x0000000088100000, 0x0000000088100000, 0x0000000088200000|  0%| F|  |TS  0|AC  0|TAMS 0x0000000088100000, 0x0000000088100000|
| 110|0x0000000088200000, 0x0000000088200000, 0x0000000088300000|  0%| F|  |TS  0|AC  0|TAMS 0x0000000088200000, 0x0000000088200000|
| 111|0x0000000088300000, 0x0000000088300000, 0x0000000088400000|  0%| F|  |TS  0|AC  0|TAMS 0x0000000088300000, 0x0000000088300000|
| 112|0x0000000088400000, 0x0000000088400000, 0x0000000088500000|  0%| F|  |TS  0|AC  0|TAMS 0x0000000088400000, 0x0000000088400000|
| 113|0x0000000088500000, 0x0000000088500000, 0x0000000088600000|  0%| F|  |TS  0|AC  0|TAMS 0x0000000088500000, 0x0000000088500000|
| 114|0x0000000088600000, 0x000000008868d170, 0x0000000088700000| 55%| S|CS|TS  0|AC  0|TAMS 0x0000000088600000, 0x0000000088600000|
| 115|0x0000000088700000, 0x0000000088800000, 0x0000000088800000|100%| S|CS|TS  0|AC  0|TAMS 0x0000000088700000, 0x0000000088700000|
| 116|0x0000000088800000, 0x0000000088800000, 0x0000000088900000|  0%| F|  |TS  0|AC  0|TAMS 0x0000000088800000, 0x0000000088800000|
| 117|0x0000000088900000, 0x0000000088900000, 0x0000000088a00000|  0%| F|  |TS  0|AC  0|TAMS 0x0000000088900000, 0x0000000088900000|
| 118|0x0000000088a00000, 0x0000000088a00000, 0x0000000088b00000|  0%| F|  |TS  0|AC  0|TAMS 0x0000000088a00000, 0x0000000088a00000|
| 119|0x0000000088b00000, 0x0000000088b00000, 0x0000000088c00000|  0%| F|  |TS  0|AC  0|TAMS 0x0000000088b00000, 0x0000000088b00000|
| 120|0x0000000088c00000, 0x0000000088c00000, 0x0000000088d00000|  0%| F|  |TS  0|AC  0|TAMS 0x0000000088c00000, 0x0000000088c00000|
| 121|0x0000000088d00000, 0x0000000088d00000, 0x0000000088e00000|  0%| F|  |TS  0|AC  0|TAMS 0x0000000088d00000, 0x0000000088d00000|
| 122|0x0000000088e00000, 0x0000000088e00000, 0x0000000088f00000|  0%| F|  |TS  0|AC  0|TAMS 0x0000000088e00000, 0x0000000088e00000|
| 123|0x0000000088f00000, 0x0000000088f00000, 0x0000000089000000|  0%| F|  |TS  0|AC  0|TAMS 0x0000000088f00000, 0x0000000088f00000|
| 124|0x0000000089000000, 0x00000000890e2138, 0x0000000089100000| 88%| E|  |TS  0|AC  0|TAMS 0x0000000089000000, 0x0000000089000000|
| 125|0x0000000089100000, 0x0000000089200000, 0x0000000089200000|100%| E|CS|TS  0|AC  0|TAMS 0x0000000089100000, 0x0000000089100000|
| 126|0x0000000089200000, 0x0000000089300000, 0x0000000089300000|100%| E|CS|TS  0|AC  0|TAMS 0x0000000089200000, 0x0000000089200000|
| 127|0x0000000089300000, 0x0000000089400000, 0x0000000089400000|100%| E|CS|TS  0|AC  0|TAMS 0x0000000089300000, 0x0000000089300000|

Card table byte_map: [0x00000295c45d0000,0x00000295c49d0000] byte_map_base: 0x00000295c41c6000

Marking Bits (Prev, Next): (CMBitMap*) 0x00000295a9ee6cd8, (CMBitMap*) 0x00000295a9ee6ca0
 Prev Bits: [0x00000295c6d80000, 0x00000295c8d30000)
 Next Bits: [0x00000295c4dd0000, 0x00000295c6d80000)

Polling page: 0x00000295a7960000

CodeHeap 'non-profiled nmethods': size=120064Kb used=931Kb max_used=931Kb free=119132Kb
 bounds [0x00000295bcc90000, 0x00000295bcf00000, 0x00000295c41d0000]
CodeHeap 'profiled nmethods': size=120000Kb used=4625Kb max_used=4625Kb free=115374Kb
 bounds [0x00000295b5760000, 0x00000295b5bf0000, 0x00000295bcc90000]
CodeHeap 'non-nmethods': size=5696Kb used=1238Kb max_used=1277Kb free=4458Kb
 bounds [0x00000295b51d0000, 0x00000295b5440000, 0x00000295b5760000]
 total_blobs=3512 nmethods=2313 adapters=532
 compilation: enabled

Compilation events (10 events):
Event: 18.742 Thread 0x00000295cbaab800 nmethod 2458 0x00000295b5bde290 code [0x00000295b5bde8e0, 0x00000295b5be0fe0]
Event: 18.742 Thread 0x00000295cbaab800 2459   !   3       sun.java2d.SunGraphics2D::drawImage (150 bytes)
Event: 18.743 Thread 0x00000295cbaab800 nmethod 2459 0x00000295b5be2090 code [0x00000295b5be2300, 0x00000295b5be2e80]
Event: 18.743 Thread 0x00000295cbaab800 2461   !   3       java.awt.Container::mixOnReshaping (149 bytes)
Event: 18.746 Thread 0x00000295cbaab800 nmethod 2461 0x00000295b5be3410 code [0x00000295b5be38a0, 0x00000295b5be5e00]
Event: 18.755 Thread 0x00000295cba97800 nmethod 2451% 0x00000295bcd77b10 code [0x00000295bcd77d00, 0x00000295bcd78758]
Event: 18.755 Thread 0x00000295cba97800 2455       4       java.lang.Math::max (11 bytes)
Event: 18.755 Thread 0x00000295cba97800 nmethod 2455 0x00000295bcd78d10 code [0x00000295bcd78ea0, 0x00000295bcd78ef8]
Event: 18.761 Thread 0x00000295cbaab800 2462       3       java.util.concurrent.locks.LockSupport::parkNanos (29 bytes)
Event: 18.761 Thread 0x00000295cbaab800 nmethod 2462 0x00000295b5be6c10 code [0x00000295b5be6de0, 0x00000295b5be7170]

GC Heap History (6 events):
Event: 1.405 GC heap before
{Heap before GC invocations=0 (full 0):
 garbage-first heap   total 131072K, used 16384K [0x0000000081400000, 0x0000000100000000)
  region size 1024K, 14 young (14336K), 0 survivors (0K)
 Metaspace       used 16777K, capacity 17161K, committed 17280K, reserved 1064960K
  class space    used 1714K, capacity 1920K, committed 1920K, reserved 1048576K
}
Event: 1.415 GC heap after
{Heap after GC invocations=1 (full 0):
 garbage-first heap   total 131072K, used 4625K [0x0000000081400000, 0x0000000100000000)
  region size 1024K, 2 young (2048K), 2 survivors (2048K)
 Metaspace       used 16777K, capacity 17161K, committed 17280K, reserved 1064960K
  class space    used 1714K, capacity 1920K, committed 1920K, reserved 1048576K
}
Event: 1.707 GC heap before
{Heap before GC invocations=1 (full 0):
 garbage-first heap   total 131072K, used 8721K [0x0000000081400000, 0x0000000100000000)
  region size 1024K, 6 young (6144K), 2 survivors (2048K)
 Metaspace       used 16954K, capacity 17358K, committed 17536K, reserved 1064960K
  class space    used 1716K, capacity 1920K, committed 1920K, reserved 1048576K
}
Event: 1.714 GC heap after
{Heap after GC invocations=2 (full 0):
 garbage-first heap   total 131072K, used 5570K [0x0000000081400000, 0x0000000100000000)
  region size 1024K, 1 young (1024K), 1 survivors (1024K)
 Metaspace       used 16954K, capacity 17358K, committed 17536K, reserved 1064960K
  class space    used 1716K, capacity 1920K, committed 1920K, reserved 1048576K
}
Event: 10.723 GC heap before
{Heap before GC invocations=2 (full 0):
 garbage-first heap   total 131072K, used 16834K [0x0000000081400000, 0x0000000100000000)
  region size 1024K, 12 young (12288K), 1 survivors (1024K)
 Metaspace       used 20700K, capacity 21106K, committed 21296K, reserved 1069056K
  class space    used 2223K, capacity 2420K, committed 2432K, reserved 1048576K
}
Event: 10.727 GC heap after
{Heap after GC invocations=3 (full 0):
 garbage-first heap   total 131072K, used 7350K [0x0000000081400000, 0x0000000100000000)
  region size 1024K, 2 young (2048K), 2 survivors (2048K)
 Metaspace       used 20700K, capacity 21106K, committed 21296K, reserved 1069056K
  class space    used 2223K, capacity 2420K, committed 2432K, reserved 1048576K
}

Deoptimization events (10 events):
Event: 7.953 Thread 0x00000295cda36800 Uncommon trap: reason=unstable_if action=reinterpret pc=0x00000295bcd48638 method=java.awt.Component.inside(II)Z @ 1 c2
Event: 8.803 Thread 0x00000295cda36800 Uncommon trap: reason=bimorphic_or_optimized_type_check action=maybe_recompile pc=0x00000295bcd03a30 method=java.util.HashMap.getNode(ILjava/lang/Object;)Ljava/util/HashMap$Node; @ 59 c2
Event: 9.669 Thread 0x00000295cda36800 Uncommon trap: reason=bimorphic_or_optimized_type_check action=maybe_recompile pc=0x00000295bcd03a30 method=java.util.HashMap.getNode(ILjava/lang/Object;)Ljava/util/HashMap$Node; @ 59 c2
Event: 9.672 Thread 0x00000295cda36800 Uncommon trap: reason=bimorphic_or_optimized_type_check action=maybe_recompile pc=0x00000295bcd03a30 method=java.util.HashMap.getNode(ILjava/lang/Object;)Ljava/util/HashMap$Node; @ 59 c2
Event: 9.672 Thread 0x00000295cda36800 Uncommon trap: reason=bimorphic_or_optimized_type_check action=maybe_recompile pc=0x00000295bcd03a30 method=java.util.HashMap.getNode(ILjava/lang/Object;)Ljava/util/HashMap$Node; @ 59 c2
Event: 9.672 Thread 0x00000295cda36800 Uncommon trap: reason=bimorphic_or_optimized_type_check action=maybe_recompile pc=0x00000295bccfcf1c method=java.util.HashMap.getNode(ILjava/lang/Object;)Ljava/util/HashMap$Node; @ 59 c2
Event: 9.748 Thread 0x00000295cdb97800 Uncommon trap: reason=unstable_if action=reinterpret pc=0x00000295bcd0c550 method=java.io.WinNTFileSystem.normalize(Ljava/lang/String;)Ljava/lang/String; @ 104 c2
Event: 10.106 Thread 0x00000295cdb97800 Uncommon trap: reason=unstable_if action=reinterpret pc=0x00000295bcd094b8 method=java.lang.String.startsWith(Ljava/lang/String;I)Z @ 46 c2
Event: 10.607 Thread 0x00000295cda36800 Uncommon trap: reason=unstable_if action=reinterpret pc=0x00000295bccb5fe8 method=java.util.Hashtable.get(Ljava/lang/Object;)Ljava/lang/Object; @ 48 c2
Event: 12.728 Thread 0x00000295cbf3b800 Uncommon trap: reason=unstable_if action=reinterpret pc=0x00000295bcd5b6b0 method=java.util.concurrent.locks.AbstractQueuedSynchronizer.acquire(I)V @ 5 c2

Classes redefined (0 events):
No events

Internal exceptions (10 events):
Event: 0.898 Thread 0x00000295a9e4b000 Exception <a 'java/lang/NullPointerException'{0x0000000088a1ade0}> (0x0000000088a1ade0) thrown at [t:/workspace/open/src/hotspot/share/interpreter/linkResolver.cpp, line 1324]
Event: 1.028 Thread 0x00000295a9e4b000 Exception <a 'java/lang/NoSuchMethodError'{0x000000008890bc80}: java.lang.invoke.DirectMethodHandle$Holder.invokeStatic(Ljava/lang/Object;Ljava/lang/Object;Ljava/lang/Object;Ljava/lang/Object;Ljava/lang/Object;Ljava/lang/Object;Ljava/lang/Object;Ljava/lan
Event: 1.036 Thread 0x00000295a9e4b000 Exception <a 'java/lang/NoSuchMethodError'{0x000000008892bfc8}: java.lang.invoke.DirectMethodHandle$Holder.invokeStatic(Ljava/lang/Object;Ljava/lang/Object;Ljava/lang/Object;Ljava/lang/Object;Ljava/lang/Object;Ljava/lang/Object;Ljava/lang/Object;Ljava/lan
Event: 1.045 Thread 0x00000295a9e4b000 Exception <a 'java/lang/NoSuchMethodError'{0x000000008894d6b0}: java.lang.invoke.DirectMethodHandle$Holder.invokeStatic(Ljava/lang/Object;Ljava/lang/Object;Ljava/lang/Object;Ljava/lang/Object;Ljava/lang/Object;Ljava/lang/Object;Ljava/lang/Object;Ljava/lan
Event: 1.067 Thread 0x00000295a9e4b000 Exception <a 'java/lang/NoSuchMethodError'{0x0000000088970570}: java.lang.invoke.DirectMethodHandle$Holder.invokeStatic(Ljava/lang/Object;Ljava/lang/Object;Ljava/lang/Object;Ljava/lang/Object;Ljava/lang/Object;Ljava/lang/Object;Ljava/lang/Object;Ljava/lan
Event: 1.255 Thread 0x00000295a9e4b000 Exception <a 'java/lang/NoSuchMethodError'{0x00000000888fa8d0}: java.lang.invoke.DirectMethodHandle$Holder.invokeStaticInit(Ljava/lang/Object;)V> (0x00000000888fa8d0) thrown at [t:/workspace/open/src/hotspot/share/interpreter/linkResolver.cpp, line 741]
Event: 9.636 Thread 0x00000295cda36800 Exception <a 'java/lang/NoSuchMethodError'{0x0000000088aaad78}: java.lang.invoke.DirectMethodHandle$Holder.invokeStatic(Ljava/lang/Object;Ljava/lang/Object;Ljava/lang/Object;)V> (0x0000000088aaad78) thrown at [t:/workspace/open/src/hotspot/share/interpret
Event: 9.646 Thread 0x00000295ce0f2800 Exception <a 'java/lang/NoSuchMethodError'{0x0000000088ad0ae0}: method resolution failed> (0x0000000088ad0ae0) thrown at [t:/workspace/open/src/hotspot/share/prims/methodHandles.cpp, line 1226]
Event: 9.646 Thread 0x00000295ce0f2800 Exception <a 'java/lang/NoSuchMethodError'{0x0000000088ad87d0}: method resolution failed> (0x0000000088ad87d0) thrown at [t:/workspace/open/src/hotspot/share/prims/methodHandles.cpp, line 1226]
Event: 13.008 Thread 0x00000295cda36800 Exception <a 'java/lang/NoSuchMethodError'{0x000000008927ef20}: method resolution failed> (0x000000008927ef20) thrown at [t:/workspace/open/src/hotspot/share/prims/methodHandles.cpp, line 1226]

Events (10 events):
Event: 18.316 loading class javax/swing/plaf/BorderUIResource$LineBorderUIResource
Event: 18.316 loading class javax/swing/plaf/BorderUIResource$LineBorderUIResource done
Event: 18.722 Executing VM operation: RevokeBias
Event: 18.722 Executing VM operation: RevokeBias done
Event: 18.722 Thread 0x00000295cbe63800 Thread added: 0x00000295cbe63800
Event: 18.723 Executing VM operation: RevokeBias
Event: 18.723 Executing VM operation: RevokeBias done
Event: 18.724 Executing VM operation: RevokeBias
Event: 18.724 Executing VM operation: RevokeBias done
Event: 18.724 Thread 0x00000295cbe63800 Thread exited: 0x00000295cbe63800


Dynamic libraries:
0x00007ff7d0ef0000 - 0x00007ff7d0f2e000 	C:\Program Files\Java\jdk-10.0.1\bin\java.exe
0x00007fffa7fd0000 - 0x00007fffa81b1000 	C:\WINDOWS\SYSTEM32\ntdll.dll
0x00007fffa7ee0000 - 0x00007fffa7f91000 	C:\WINDOWS\System32\KERNEL32.DLL
0x00007fffa51b0000 - 0x00007fffa5423000 	C:\WINDOWS\System32\KERNELBASE.dll
0x00007fffa56b0000 - 0x00007fffa5751000 	C:\WINDOWS\System32\ADVAPI32.dll
0x00007fffa70d0000 - 0x00007fffa716e000 	C:\WINDOWS\System32\msvcrt.dll
0x00007fffa79c0000 - 0x00007fffa7a1b000 	C:\WINDOWS\System32\sechost.dll
0x00007fffa5760000 - 0x00007fffa5884000 	C:\WINDOWS\System32\RPCRT4.dll
0x00007fffa7480000 - 0x00007fffa7610000 	C:\WINDOWS\System32\USER32.dll
0x00007fffa4830000 - 0x00007fffa4850000 	C:\WINDOWS\System32\win32u.dll
0x00007fffa7240000 - 0x00007fffa7268000 	C:\WINDOWS\System32\GDI32.dll
0x00007fffa4490000 - 0x00007fffa4621000 	C:\WINDOWS\System32\gdi32full.dll
0x00007fffa43f0000 - 0x00007fffa448f000 	C:\WINDOWS\System32\msvcp_win.dll
0x00007fffa4680000 - 0x00007fffa4778000 	C:\WINDOWS\System32\ucrtbase.dll
0x00007fff97830000 - 0x00007fff97a99000 	C:\WINDOWS\WinSxS\amd64_microsoft.windows.common-controls_6595b64144ccf1df_6.0.17134.885_none_fb42a3473065565f\COMCTL32.dll
0x00007fff9ad60000 - 0x00007fff9ad6a000 	C:\WINDOWS\SYSTEM32\VERSION.dll
0x00007fffa7610000 - 0x00007fffa7932000 	C:\WINDOWS\System32\combase.dll
0x00007fffa4370000 - 0x00007fffa43e9000 	C:\WINDOWS\System32\bcryptPrimitives.dll
0x00007fffa7270000 - 0x00007fffa729d000 	C:\WINDOWS\System32\IMM32.DLL
0x00007fff6d460000 - 0x00007fff6d54f000 	C:\Program Files\Java\jdk-10.0.1\bin\msvcr120.dll
0x00007fff757e0000 - 0x00007fff75886000 	C:\Program Files\Java\jdk-10.0.1\bin\msvcp120.dll
0x000000006b1d0000 - 0x000000006bc40000 	C:\Program Files\Java\jdk-10.0.1\bin\server\jvm.dll
0x00007fffa7470000 - 0x00007fffa7478000 	C:\WINDOWS\System32\PSAPI.DLL
0x00007fff940d0000 - 0x00007fff940d9000 	C:\WINDOWS\SYSTEM32\WSOCK32.dll
0x00007fffa0d60000 - 0x00007fffa0d83000 	C:\WINDOWS\SYSTEM32\WINMM.dll
0x00007fffa6cd0000 - 0x00007fffa6d3c000 	C:\WINDOWS\System32\WS2_32.dll
0x00007fffa0cf0000 - 0x00007fffa0d1a000 	C:\WINDOWS\SYSTEM32\winmmbase.dll
0x00007fffa4630000 - 0x00007fffa4679000 	C:\WINDOWS\System32\cfgmgr32.dll
0x00007fff975d0000 - 0x00007fff975df000 	C:\Program Files\Java\jdk-10.0.1\bin\verify.dll
0x00007fff8f910000 - 0x00007fff8fad9000 	C:\WINDOWS\SYSTEM32\DBGHELP.DLL
0x00007fff90000000 - 0x00007fff90029000 	C:\WINDOWS\SYSTEM32\dbgcore.DLL
0x00007fff96ac0000 - 0x00007fff96ae7000 	C:\Program Files\Java\jdk-10.0.1\bin\java.dll
0x00007fff9d7e0000 - 0x00007fff9d80a000 	C:\Program Files\Java\jdk-10.0.1\bin\instrument.dll
0x00007fff954d0000 - 0x00007fff954e6000 	C:\Program Files\Java\jdk-10.0.1\bin\zip.dll
0x00007fff96b80000 - 0x00007fff96b8a000 	C:\Program Files\Java\jdk-10.0.1\bin\jimage.dll
0x00007fffa5890000 - 0x00007fffa6cd0000 	C:\WINDOWS\System32\SHELL32.dll
0x00007fffa73c0000 - 0x00007fffa7469000 	C:\WINDOWS\System32\shcore.dll
0x00007fffa4a40000 - 0x00007fffa514d000 	C:\WINDOWS\System32\windows.storage.dll
0x00007fffa6f10000 - 0x00007fffa6f61000 	C:\WINDOWS\System32\shlwapi.dll
0x00007fffa4330000 - 0x00007fffa4341000 	C:\WINDOWS\System32\kernel.appcore.dll
0x00007fffa4350000 - 0x00007fffa436f000 	C:\WINDOWS\System32\profapi.dll
0x00007fffa42b0000 - 0x00007fffa42fc000 	C:\WINDOWS\System32\powrprof.dll
0x00007fffa4300000 - 0x00007fffa430a000 	C:\WINDOWS\System32\FLTLIB.DLL
0x00007fff954b0000 - 0x00007fff954ca000 	C:\Program Files\Java\jdk-10.0.1\bin\net.dll
0x00007fff9f8c0000 - 0x00007fff9f99d000 	C:\WINDOWS\SYSTEM32\WINHTTP.dll
0x00007fffa3b10000 - 0x00007fffa3b76000 	C:\WINDOWS\system32\mswsock.dll
0x00007fff81990000 - 0x00007fff819a1000 	C:\Program Files\Java\jdk-10.0.1\bin\nio.dll
0x00007fff986e0000 - 0x00007fff986fa000 	D:\Program Files\IDEA\IntelliJ IDEA 2019.1.3\bin\breakgen64.dll
0x00007fff88c20000 - 0x00007fff88dbb000 	C:\Program Files\Java\jdk-10.0.1\bin\awt.dll
0x00007fffa7170000 - 0x00007fffa7232000 	C:\WINDOWS\System32\OLEAUT32.dll
0x00007fffa1660000 - 0x00007fffa1c27000 	C:\WINDOWS\SYSTEM32\d2d1.dll
0x00007fffa2240000 - 0x00007fffa22cb000 	C:\WINDOWS\SYSTEM32\apphelp.dll
0x00007fffa7390000 - 0x00007fffa73b9000 	C:\WINDOWS\System32\DWMAPI.DLL
0x00007fffa2300000 - 0x00007fffa2398000 	C:\WINDOWS\system32\uxtheme.dll
0x00007fff95950000 - 0x00007fff95a70000 	C:\WINDOWS\system32\opengl32.dll
0x00007fff9cb00000 - 0x00007fff9cb2c000 	C:\WINDOWS\SYSTEM32\GLU32.dll
0x00007fffa5430000 - 0x00007fffa55a3000 	C:\WINDOWS\System32\MSCTF.dll
0x00007fffa6f70000 - 0x00007fffa70c1000 	C:\WINDOWS\System32\ole32.dll
0x00007fff97390000 - 0x00007fff973f5000 	C:\Program Files\Java\jdk-10.0.1\bin\fontmanager.dll
0x00007fff97340000 - 0x00007fff97382000 	C:\Program Files\Java\jdk-10.0.1\bin\t2k.dll
0x00007fff9f5e0000 - 0x00007fff9f676000 	C:\WINDOWS\System32\TextInputFramework.dll
0x00007fff9ece0000 - 0x00007fff9effe000 	C:\WINDOWS\System32\CoreUIComponents.dll
0x00007fffa0e50000 - 0x00007fffa0f2a000 	C:\WINDOWS\System32\CoreMessaging.dll
0x00007fffa3410000 - 0x00007fffa3441000 	C:\WINDOWS\SYSTEM32\ntmarta.dll
0x00007fffa0320000 - 0x00007fffa046d000 	C:\WINDOWS\SYSTEM32\wintypes.dll
0x00007fffa55b0000 - 0x00007fffa5650000 	C:\WINDOWS\System32\clbcatq.dll
0x00007fff99510000 - 0x00007fff995b7000 	C:\WINDOWS\WinSxS\amd64_microsoft.windows.common-controls_6595b64144ccf1df_5.82.17134.885_none_f956463330922bba\comctl32.dll
0x00007fffa2d80000 - 0x00007fffa2f34000 	C:\WINDOWS\SYSTEM32\PROPSYS.dll
0x00007fff9c3c0000 - 0x00007fff9ca5b000 	C:\Windows\System32\OneCoreUAPCommonProxyStub.dll
0x00007fff72fc0000 - 0x00007fff730e7000 	C:\WINDOWS\system32\NetworkExplorer.dll
0x00007fff7c360000 - 0x00007fff7c94e000 	D:\Program Files (x86)\WPS Office\11.1.0.8894\office6\qingnse64.dll
0x00007fffa3cc0000 - 0x00007fffa3ccb000 	C:\WINDOWS\SYSTEM32\CRYPTBASE.DLL
0x00007fff995c0000 - 0x00007fff9975b000 	C:\WINDOWS\WinSxS\amd64_microsoft.windows.gdiplus_6595b64144ccf1df_1.1.17134.885_none_2c2d962c8af7d02d\gdiplus.dll
0x00007fff9e430000 - 0x00007fff9e5de000 	C:\WINDOWS\SYSTEM32\WindowsCodecs.dll
0x00007fff84f00000 - 0x00007fff84f5c000 	C:\Windows\System32\thumbcache.dll
0x00007fff94350000 - 0x00007fff9436a000 	C:\WINDOWS\SYSTEM32\MPR.dll
0x00007fff975e0000 - 0x00007fff975eb000 	C:\WINDOWS\System32\drprov.dll
0x00007fffa3480000 - 0x00007fffa34d6000 	C:\WINDOWS\System32\WINSTA.dll
0x00007fff87a40000 - 0x00007fff87a56000 	C:\WINDOWS\System32\ntlanman.dll
0x00007fff81260000 - 0x00007fff8127d000 	C:\WINDOWS\System32\davclnt.dll
0x00007fff96f20000 - 0x00007fff96f2c000 	C:\WINDOWS\System32\DAVHLPR.dll
0x00007fff9bdb0000 - 0x00007fff9bdc7000 	C:\WINDOWS\System32\wkscli.dll
0x00007fffa3df0000 - 0x00007fffa3e15000 	C:\WINDOWS\System32\bcrypt.dll
0x00007fff90cf0000 - 0x00007fff90d02000 	C:\WINDOWS\SYSTEM32\cscapi.dll
0x00007fffa39a0000 - 0x00007fffa39ae000 	C:\WINDOWS\System32\netutils.dll
0x00007fff6f310000 - 0x00007fff6f35a000 	C:\Windows\System32\dlnashext.dll
0x00007fff95700000 - 0x00007fff95763000 	C:\Windows\System32\PlayToDevice.dll
0x00007fff66b20000 - 0x00007fff66b3e000 	C:\Windows\System32\DevDispItemProvider.dll
0x00007fff9ab60000 - 0x00007fff9abd6000 	C:\WINDOWS\System32\MMDevApi.dll
0x00007fffa3f10000 - 0x00007fffa3f37000 	C:\WINDOWS\System32\DEVOBJ.dll
0x00007fff6f010000 - 0x00007fff6f1f1000 	C:\WINDOWS\system32\wpdshext.dll
0x00007fffa2ac0000 - 0x00007fffa2b5c000 	C:\Windows\System32\PortableDeviceApi.dll
0x00007fffa7a20000 - 0x00007fffa7e6b000 	C:\WINDOWS\System32\SETUPAPI.dll
0x00007fffa5150000 - 0x00007fffa51a7000 	C:\WINDOWS\System32\WINTRUST.dll
0x00007fffa4310000 - 0x00007fffa4322000 	C:\WINDOWS\System32\MSASN1.dll
0x00007fffa4850000 - 0x00007fffa4a32000 	C:\WINDOWS\System32\CRYPT32.dll
0x00007fff7eca0000 - 0x00007fff7ecd7000 	C:\Windows\System32\EhStorShell.dll
0x00007fff9f130000 - 0x00007fff9f155000 	C:\Windows\System32\EhStorAPI.dll
0x00007fffa0820000 - 0x00007fffa0833000 	C:\Windows\System32\WTSAPI32.dll
0x00007fff9bfe0000 - 0x00007fff9bfed000 	C:\WINDOWS\SYSTEM32\LINKINFO.dll
0x00007fff95d90000 - 0x00007fff95de8000 	C:\WINDOWS\system32\dataexchange.dll
0x00007fffa1350000 - 0x00007fffa165b000 	C:\WINDOWS\system32\d3d11.dll
0x00007fffa1c40000 - 0x00007fffa1ddc000 	C:\WINDOWS\system32\dcomp.dll
0x00007fffa3010000 - 0x00007fffa30cb000 	C:\WINDOWS\system32\dxgi.dll
0x00007fffa2780000 - 0x00007fffa2938000 	C:\WINDOWS\system32\twinapi.appcore.dll
0x00007fffa2750000 - 0x00007fffa2771000 	C:\WINDOWS\system32\RMCLIENT.dll

dbghelp: loaded successfully - version: 4.0.5 - missing functions: none
symbol engine: initialized successfully - sym options: 0x614 - pdb path: .;C:\Program Files\Java\jdk-10.0.1\bin;C:\WINDOWS\SYSTEM32;C:\WINDOWS\WinSxS\amd64_microsoft.windows.common-controls_6595b64144ccf1df_6.0.17134.885_none_fb42a3473065565f;C:\Program Files\Java\jdk-10.0.1\bin\server;D:\Program Files\IDEA\IntelliJ IDEA 2019.1.3\bin;C:\WINDOWS\WinSxS\amd64_microsoft.windows.common-controls_6595b64144ccf1df_5.82.17134.885_none_f956463330922bba;D:\Program Files (x86)\WPS Office\11.1.0.8894\office6;C:\WINDOWS\WinSxS\amd64_microsoft.windows.gdiplus_6595b64144ccf1df_1.1.17134.885_none_2c2d962c8af7d02d

VM Arguments:
jvm_args: -javaagent:D:\Program Files\IDEA\IntelliJ IDEA 2019.1.3\lib\idea_rt.jar=53409:D:\Program Files\IDEA\IntelliJ IDEA 2019.1.3\bin -Dfile.encoding=UTF-8 
java_command: com.joezeo.core.Controler
java_class_path (initial): F:\workspace\IDEAÏîÄ¿\Superstring Pro\out\production\Superstring
Launcher Type: SUN_STANDARD

Logging:
Log output configuration:
#0: stdout all=warning uptime,level,tags
#1: stderr all=off uptime,level,tags

Environment Variables:
PATH=C:\Program Files (x86)\Common Files\Oracle\Java\javapath;C:\ProgramData\Oracle\Java\javapath;C:\Program Files\Common Files\Microsoft Shared\Windows Live;C:\Program Files (x86)\NVIDIA Corporation\PhysX\Common;C:\Program Files (x86)\Intel\iCLS Client\;C:\Program Files\Intel\iCLS Client\;C:\WINDOWS\system32;C:\WINDOWS;C:\WINDOWS\System32\Wbem;C:\WINDOWS\System32\WindowsPowerShell\v1.0\;C:\Program Files\Intel\Intel(R) Management Engine Components\DAL;C:\Program Files\Intel\Intel(R) Management Engine Components\IPT;C:\Program Files (x86)\Intel\Intel(R) Management Engine Components\DAL;C:\Program Files (x86)\Intel\Intel(R) Management Engine Components\IPT;C:\Program Files\Common Files\Autodesk Shared\;C:\Program Files\Microsoft SQL Server\130\Tools\Binn\;C:\Program Files\dotnet\;C:\WINDOWS\system32\config\systemprofile\.dnx\bin;C:\Program Files\Microsoft DNX\Dnvm\;C:\Program Files\Microsoft\Web Platform Installer\;C:\Program Files (x86)\Microsoft ASP.NET\ASP.NET Web Pages\v1.0\;C:\Program Files\Git\cmd;C:\Program Files\Git\mingw64\bin;C:\Program Files\Git\usr\bin;C:\Program Files\Microsoft SQL Server\120\DTS\Binn\;C:\Program Files\Microsoft SQL Server\Client SDK\ODBC\110\Tools\Binn\;C:\Program Files (x86)\Microsoft SQL Server\120\Tools\Binn\;C:\Program Files\Microsoft SQL Server\120\Tools\Binn\;C:\Program Files (x86)\Microsoft SQL Server\120\Tools\Binn\ManagementStudio\;C:\Program Files (x86)\Microsoft SQL Server\120\DTS\Binn\;F:\Program Files\nodejs\;C:\Program Files\Python36;C:\Users\LENOVO\.atom\.apm;F:\Program Files (x86)\GnuWin32\bin;C:\Program Files (x86)\Windows Kits\8.1\Windows Performance Toolkit\;C:\TDM-GCC-64\bin;C:\TDM-GCC-64\x86_64-w64-mingw32\bin;F:\Program Files\CMake\bin;C:\WINDOWS\System32\OpenSSH\;E:\MySQL\mysql-5.7.19-winx64\bin;C:\Program Files\Java\jdk-10.0.1\bin;;C:\Program Files (x86)\Bitvise SSH Client;F:\Program Files (x86)\Microsoft Visual Studio\Common\Tools\WinNT;F:\Program Files (x86)\Microsoft Visual Studio\Common\MSDev98\Bin;F:\Program Fil
USERNAME=LENOVO
OS=Windows_NT
PROCESSOR_IDENTIFIER=Intel64 Family 6 Model 60 Stepping 3, GenuineIntel



---------------  S Y S T E M  ---------------

OS: Windows 10 , 64 bit Build 17134 (10.0.17134.753)

CPU:total 4 (initial active 4) (2 cores per cpu, 2 threads per core) family 6 model 60 stepping 3, cmov, cx8, fxsr, mmx, sse, sse2, sse3, ssse3, sse4.1, sse4.2, popcnt, avx, avx2, aes, clmul, erms, lzcnt, ht, tsc, tscinvbit, bmi1, bmi2, fma

Memory: 4k page, physical 8302956k(1217760k free), swap 8302956k(5744k free)

vm_info: Java HotSpot(TM) 64-Bit Server VM (10.0.1+10) for windows-amd64 JRE (10.0.1+10), built on Mar 27 2018 02:27:48 by "mach5one" with MS VC++ 12.0 (VS2013)

END.
