#
# There is insufficient memory for the Java Runtime Environment to continue.
# Native memory allocation (mmap) failed to map 134217728 bytes for Failed to commit area from 0x0000000081400000 to 0x0000000089400000 of length 134217728.
# Possible reasons:
#   The system is out of physical RAM or swap space
#   The process is running with CompressedOops enabled, and the Java Heap may be blocking the growth of the native heap
# Possible solutions:
#   Reduce memory load on the system
#   Increase physical memory or swap space
#   Check if swap backing store is full
#   Decrease Java heap size (-Xmx/-Xms)
#   Decrease number of Java threads
#   Decrease Java thread stack sizes (-Xss)
#   Set larger code cache with -XX:ReservedCodeCacheSize=
# This output file may be truncated or incomplete.
#
#  Out of Memory Error (t:/workspace/open/src/hotspot/os/windows/os_windows.cpp:3221), pid=872, tid=12196
#
# JRE version:  (10.0.1+10) (build )
# Java VM: Java HotSpot(TM) 64-Bit Server VM (10.0.1+10, mixed mode, aot, tiered, compressed oops, g1 gc, windows-amd64)
# No core dump will be written. Minidumps are not enabled by default on client versions of Windows
#

---------------  S U M M A R Y ------------

Command Line: -javaagent:D:\Program Files\IDEA\IntelliJ IDEA 2019.1.3\lib\idea_rt.jar=52539:D:\Program Files\IDEA\IntelliJ IDEA 2019.1.3\bin -Dfile.encoding=UTF-8 com.joezeo.core.Controler

Host: Intel(R) Core(TM) i5-4200H CPU @ 2.80GHz, 4 cores, 7G,  Windows 10 , 64 bit Build 17134 (10.0.17134.753)
Time: Sat Jul 27 12:43:50 2019 ?D1¨²¡À¨º¡Á?¨º¡À?? elapsed time: 0 seconds (0d 0h 0m 0s)

---------------  T H R E A D  ---------------

Current thread (0x00000204faa3d000):  JavaThread "Unknown thread" [_thread_in_vm, id=12196, stack(0x00000024f5c00000,0x00000024f5d00000)]

Stack: [0x00000024f5c00000,0x00000024f5d00000]
Native frames: (J=compiled Java code, j=interpreted, Vv=VM code, C=native code)
V  [jvm.dll+0x5a0369]
V  [jvm.dll+0x6bcf81]
V  [jvm.dll+0x6be176]
V  [jvm.dll+0x6be803]
V  [jvm.dll+0x234998]
V  [jvm.dll+0x59dc74]
V  [jvm.dll+0x592ab5]
V  [jvm.dll+0x2f625b]
V  [jvm.dll+0x2f61c5]
V  [jvm.dll+0x2f60a2]
V  [jvm.dll+0x2f8286]
V  [jvm.dll+0x3440d3]
V  [jvm.dll+0x3447e6]
V  [jvm.dll+0x3441d3]
V  [jvm.dll+0x2c43b8]
V  [jvm.dll+0x2c5501]
V  [jvm.dll+0x69d33b]
V  [jvm.dll+0x69eb5c]
V  [jvm.dll+0x351849]
V  [jvm.dll+0x6859c2]
V  [jvm.dll+0x3ba0a3]
V  [jvm.dll+0x3bc201]
C  [java.exe+0x3531]
C  [java.exe+0xe1af]
C  [java.exe+0xe356]
C  [KERNEL32.DLL+0x14034]
C  [ntdll.dll+0x73691]


---------------  P R O C E S S  ---------------

Threads class SMR info:
_java_thread_list=0x00000204fa93d230, length=0, elements={
}

Java Threads: ( => current thread )

Other Threads:
  0x00000204faa55000 GCTaskThread "GC Thread#0" [stack: 0x00000024f5d00000,0x00000024f5e00000] [id=1660]
  0x00000204faa57800 GCTaskThread "GC Thread#1" [stack: 0x00000024f5e00000,0x00000024f5f00000] [id=17336]
  0x00000204faa59000 GCTaskThread "GC Thread#2" [stack: 0x00000024f5f00000,0x00000024f6000000] [id=11888]
  0x00000204faa5b000 GCTaskThread "GC Thread#3" [stack: 0x00000024f6000000,0x00000024f6100000] [id=10684]
  0x00000204faac5800 ConcurrentGCThread "G1 Main Marker" [stack: 0x00000024f6100000,0x00000024f6200000] [id=11788]
  0x00000204faacb000 ConcurrentGCThread "G1 Conc#0" [stack: 0x00000024f6200000,0x00000024f6300000] [id=12680]

[error occurred during error reporting (printing all threads), id 0xe0000002]

VM state:not at safepoint (not fully initialized)

VM Mutex/Monitor currently owned by a thread:  ([mutex/lock_event])
[0x00000204faa3ad60] Heap_lock - owner thread: 0x00000204faa3d000

Heap address: 0x0000000081400000, size: 2028 MB, Compressed Oops mode: Non-zero based: 0x0000000081400000
Narrow klass base: 0x0000000000000000, Narrow klass shift: 0

GC Heap History (0 events):
No events

Deoptimization events (0 events):
No events

Classes redefined (0 events):
No events

Internal exceptions (0 events):
No events

Events (0 events):
No events


Dynamic libraries:
0x00007ff7d0ef0000 - 0x00007ff7d0f2e000 	C:\Program Files\Java\jdk-10.0.1\bin\java.exe
0x00007fffa7fd0000 - 0x00007fffa81b1000 	C:\WINDOWS\SYSTEM32\ntdll.dll
0x00007fffa7ee0000 - 0x00007fffa7f91000 	C:\WINDOWS\System32\KERNEL32.DLL
0x00007fffa51b0000 - 0x00007fffa5423000 	C:\WINDOWS\System32\KERNELBASE.dll
0x00007fffa56b0000 - 0x00007fffa5751000 	C:\WINDOWS\System32\ADVAPI32.dll
0x00007fffa70d0000 - 0x00007fffa716e000 	C:\WINDOWS\System32\msvcrt.dll
0x00007fffa79c0000 - 0x00007fffa7a1b000 	C:\WINDOWS\System32\sechost.dll
0x00007fffa5760000 - 0x00007fffa5884000 	C:\WINDOWS\System32\RPCRT4.dll
0x00007fffa7480000 - 0x00007fffa7610000 	C:\WINDOWS\System32\USER32.dll
0x00007fffa4830000 - 0x00007fffa4850000 	C:\WINDOWS\System32\win32u.dll
0x00007fffa7240000 - 0x00007fffa7268000 	C:\WINDOWS\System32\GDI32.dll
0x00007fffa4490000 - 0x00007fffa4621000 	C:\WINDOWS\System32\gdi32full.dll
0x00007fffa43f0000 - 0x00007fffa448f000 	C:\WINDOWS\System32\msvcp_win.dll
0x00007fffa4680000 - 0x00007fffa4778000 	C:\WINDOWS\System32\ucrtbase.dll
0x00007fff97830000 - 0x00007fff97a99000 	C:\WINDOWS\WinSxS\amd64_microsoft.windows.common-controls_6595b64144ccf1df_6.0.17134.885_none_fb42a3473065565f\COMCTL32.dll
0x00007fff9ad60000 - 0x00007fff9ad6a000 	C:\WINDOWS\SYSTEM32\VERSION.dll
0x00007fffa7610000 - 0x00007fffa7932000 	C:\WINDOWS\System32\combase.dll
0x00007fffa4370000 - 0x00007fffa43e9000 	C:\WINDOWS\System32\bcryptPrimitives.dll
0x00007fffa7270000 - 0x00007fffa729d000 	C:\WINDOWS\System32\IMM32.DLL
0x00007fff6d460000 - 0x00007fff6d54f000 	C:\Program Files\Java\jdk-10.0.1\bin\msvcr120.dll
0x00007fff757e0000 - 0x00007fff75886000 	C:\Program Files\Java\jdk-10.0.1\bin\msvcp120.dll
0x000000006b1d0000 - 0x000000006bc40000 	C:\Program Files\Java\jdk-10.0.1\bin\server\jvm.dll
0x00007fffa7470000 - 0x00007fffa7478000 	C:\WINDOWS\System32\PSAPI.DLL
0x00007fff940d0000 - 0x00007fff940d9000 	C:\WINDOWS\SYSTEM32\WSOCK32.dll
0x00007fffa0d60000 - 0x00007fffa0d83000 	C:\WINDOWS\SYSTEM32\WINMM.dll
0x00007fffa6cd0000 - 0x00007fffa6d3c000 	C:\WINDOWS\System32\WS2_32.dll
0x00007fffa0cf0000 - 0x00007fffa0d1a000 	C:\WINDOWS\SYSTEM32\WINMMBASE.dll
0x00007fffa4630000 - 0x00007fffa4679000 	C:\WINDOWS\System32\cfgmgr32.dll
0x00007fff975d0000 - 0x00007fff975df000 	C:\Program Files\Java\jdk-10.0.1\bin\verify.dll
0x00007fff8f910000 - 0x00007fff8fad9000 	C:\WINDOWS\SYSTEM32\DBGHELP.DLL
0x00007fff90000000 - 0x00007fff90029000 	C:\WINDOWS\SYSTEM32\dbgcore.DLL
0x00007fff96ac0000 - 0x00007fff96ae7000 	C:\Program Files\Java\jdk-10.0.1\bin\java.dll
0x00007fff97350000 - 0x00007fff9737a000 	C:\Program Files\Java\jdk-10.0.1\bin\instrument.dll
0x00007fff954d0000 - 0x00007fff954e6000 	C:\Program Files\Java\jdk-10.0.1\bin\zip.dll
0x00007fff96b80000 - 0x00007fff96b8a000 	C:\Program Files\Java\jdk-10.0.1\bin\jimage.dll

dbghelp: loaded successfully - version: 4.0.5 - missing functions: none
symbol engine: initialized successfully - sym options: 0x614 - pdb path: .;C:\Program Files\Java\jdk-10.0.1\bin;C:\WINDOWS\SYSTEM32;C:\WINDOWS\WinSxS\amd64_microsoft.windows.common-controls_6595b64144ccf1df_6.0.17134.885_none_fb42a3473065565f;C:\Program Files\Java\jdk-10.0.1\bin\server

VM Arguments:
jvm_args: -javaagent:D:\Program Files\IDEA\IntelliJ IDEA 2019.1.3\lib\idea_rt.jar=52539:D:\Program Files\IDEA\IntelliJ IDEA 2019.1.3\bin -Dfile.encoding=UTF-8 
java_command: com.joezeo.core.Controler
java_class_path (initial): F:\workspace\IDEAÏîÄ¿\Superstring Pro\out\production\Superstring
Launcher Type: SUN_STANDARD

Logging:
Log output configuration:
#0: stdout all=warning uptime,level,tags
#1: stderr all=off uptime,level,tags

Environment Variables:
PATH=C:\Program Files (x86)\Common Files\Oracle\Java\javapath;C:\ProgramData\Oracle\Java\javapath;C:\Program Files\Common Files\Microsoft Shared\Windows Live;C:\Program Files (x86)\NVIDIA Corporation\PhysX\Common;C:\Program Files (x86)\Intel\iCLS Client\;C:\Program Files\Intel\iCLS Client\;C:\WINDOWS\system32;C:\WINDOWS;C:\WINDOWS\System32\Wbem;C:\WINDOWS\System32\WindowsPowerShell\v1.0\;C:\Program Files\Intel\Intel(R) Management Engine Components\DAL;C:\Program Files\Intel\Intel(R) Management Engine Components\IPT;C:\Program Files (x86)\Intel\Intel(R) Management Engine Components\DAL;C:\Program Files (x86)\Intel\Intel(R) Management Engine Components\IPT;C:\Program Files\Common Files\Autodesk Shared\;C:\Program Files\Microsoft SQL Server\130\Tools\Binn\;C:\Program Files\dotnet\;C:\WINDOWS\system32\config\systemprofile\.dnx\bin;C:\Program Files\Microsoft DNX\Dnvm\;C:\Program Files\Microsoft\Web Platform Installer\;C:\Program Files (x86)\Microsoft ASP.NET\ASP.NET Web Pages\v1.0\;C:\Program Files\Git\cmd;C:\Program Files\Git\mingw64\bin;C:\Program Files\Git\usr\bin;C:\Program Files\Microsoft SQL Server\120\DTS\Binn\;C:\Program Files\Microsoft SQL Server\Client SDK\ODBC\110\Tools\Binn\;C:\Program Files (x86)\Microsoft SQL Server\120\Tools\Binn\;C:\Program Files\Microsoft SQL Server\120\Tools\Binn\;C:\Program Files (x86)\Microsoft SQL Server\120\Tools\Binn\ManagementStudio\;C:\Program Files (x86)\Microsoft SQL Server\120\DTS\Binn\;F:\Program Files\nodejs\;C:\Program Files\Python36;C:\Users\LENOVO\.atom\.apm;F:\Program Files (x86)\GnuWin32\bin;C:\Program Files (x86)\Windows Kits\8.1\Windows Performance Toolkit\;C:\TDM-GCC-64\bin;C:\TDM-GCC-64\x86_64-w64-mingw32\bin;F:\Program Files\CMake\bin;C:\WINDOWS\System32\OpenSSH\;E:\MySQL\mysql-5.7.19-winx64\bin;C:\Program Files\Java\jdk-10.0.1\bin;;C:\Program Files (x86)\Bitvise SSH Client;F:\Program Files (x86)\Microsoft Visual Studio\Common\Tools\WinNT;F:\Program Files (x86)\Microsoft Visual Studio\Common\MSDev98\Bin;F:\Program Fil
USERNAME=LENOVO
OS=Windows_NT
PROCESSOR_IDENTIFIER=Intel64 Family 6 Model 60 Stepping 3, GenuineIntel



---------------  S Y S T E M  ---------------

OS: Windows 10 , 64 bit Build 17134 (10.0.17134.753)

CPU:total 4 (initial active 4) (2 cores per cpu, 2 threads per core) family 6 model 60 stepping 3, cmov, cx8, fxsr, mmx, sse, sse2, sse3, ssse3, sse4.1, sse4.2, popcnt, avx, avx2, aes, clmul, erms, lzcnt, ht, tsc, tscinvbit, bmi1, bmi2, fma

Memory: 4k page, physical 8302956k(1160664k free), swap 8302956k(83720k free)

vm_info: Java HotSpot(TM) 64-Bit Server VM (10.0.1+10) for windows-amd64 JRE (10.0.1+10), built on Mar 27 2018 02:27:48 by "mach5one" with MS VC++ 12.0 (VS2013)

END.
